<?xml version='1.0' encoding='UTF-8'?>
<testsuite hostname="za-zombie" name="viw.internals.StateTest" tests="2" errors="0" failures="0" skipped="0" time="0.027">
                     <properties>
[...]
</properties>
                     <testcase classname="viw.internals.StateTest" name="State from cursoredText should be equal to its source" time="0.026">
                                                 
                                               </testcase><testcase classname="viw.internals.StateTest" name="State from cursoredText should be equal to its source with an empty cursor" time="0.001">
                                                 
                                               </testcase>
                     <system-out><![CDATA[]]></system-out>
                     <system-err><![CDATA[]]></system-err>
                   </testsuite>