<?xml version='1.0' encoding='UTF-8'?>
<testsuite hostname="Neurosis" name="viw.internals.StateTest" tests="2" errors="0" failures="0" skipped="0" time="0.004" timestamp="2018-12-11T01:03:27">
                     <properties>
[...]
</properties>
                     <testcase classname="viw.internals.StateTest" name="State from cursoredText should be equal to its source" time="0.004">
                                                 
                                               </testcase><testcase classname="viw.internals.StateTest" name="State from cursoredText should be equal to its source with an empty cursor" time="0.0">
                                                 
                                               </testcase>
                     <system-out><![CDATA[]]></system-out>
                     <system-err><![CDATA[]]></system-err>
                   </testsuite>