<?xml version='1.0' encoding='UTF-8'?>
<testsuite hostname="Neurosis" name="viw.CommandsTest" tests="27" errors="0" failures="6" skipped="0" time="0.03" timestamp="2018-12-08T18:29:01">
                     <properties>
      <property name="awt.toolkit" value="sun.awt.windows.WToolkit"/><property name="java.specification.version" value="11"/><property name="sun.cpu.isalist" value="amd64"/><property name="sun.jnu.encoding" value="Cp1252"/><property name="sun.arch.data.model" value="64"/><property name="java.vendor.url" value="http://java.oracle.com/"/><property name="user.country.format" value="BE"/><property name="sun.boot.library.path" value="C:\Program Files\Java\jdk-11.0.1\bin"/><property name="sun.java.command" value="C:\Users\Flori\.IntelliJIdea2018.3\config\plugins\Scala\launcher\sbt-launch.jar --addPluginSbtFile=C:\Users\Flori\AppData\Local\Temp\idea10.sbt idea-shell"/><property name="jdk.debug" value="release"/><property name="sun.stderr.encoding" value="cp437"/><property name="java.specification.vendor" value="Oracle Corporation"/><property name="java.version.date" value="2018-10-16"/><property name="java.home" value="C:\Program Files\Java\jdk-11.0.1"/><property name="file.separator" value="\"/><property name="java.vm.compressedOopsMode" value="32-bit"/><property name="line.separator" value="
"/><property name="sun.stdout.encoding" value="cp437"/><property name="java.specification.name" value="Java Platform API Specification"/><property name="java.vm.specification.vendor" value="Oracle Corporation"/><property name="user.script" value=""/><property name="sun.management.compiler" value="HotSpot 64-Bit Tiered Compilers"/><property name="java.runtime.version" value="11.0.1+13-LTS"/><property name="user.name" value="Florian"/><property name="file.encoding" value="UTF-8"/><property name="jnidispatch.path" value="C:\Users\Flori\AppData\Local\Temp\jna-898707565\jna17878453393276068998.dll"/><property name="java.vendor.version" value="18.9"/><property name="jna.loaded" value="true"/><property name="java.io.tmpdir" value="C:\Users\Flori\AppData\Local\Temp\"/><property name="java.version" value="11.0.1"/><property name="java.vm.specification.name" value="Java Virtual Machine Specification"/><property name="java.awt.printerjob" value="sun.awt.windows.WPrinterJob"/><property name="sun.os.patch.level" value=""/><property name="java.library.path" value="C:\Program Files\Java\jdk-11.0.1\bin;C:\Windows\Sun\Java\bin;C:\Windows\system32;C:\Windows;C:\Program Files (x86)\Common Files\Oracle\Java\javapath;C:\Windows\system32;C:\Windows;C:\Windows\System32\Wbem;C:\Windows\System32\WindowsPowerShell\v1.0\;C:\Windows\System32\OpenSSH\;C:\Program Files\NVIDIA Corporation\NVIDIA NGX;C:\Program Files\Microsoft VS Code\bin;C:\Program Files\NVIDIA Corporation\NVIDIA NvDLISR;C:\Program Files\Git\cmd;C:\Program Files (x86)\NVIDIA Corporation\PhysX\Common;C:\Program Files\dotnet\;C:\Program Files\Microsoft SQL Server\130\Tools\Binn\;C:\ProgramData\chocolatey\bin;C:\Program Files\nodejs\;C:\Users\Flori\AppData\Local\Programs\Python\Python37\Scripts\;C:\Users\Flori\AppData\Local\Programs\Python\Python37\;C:\Users\Flori\AppData\Local\Microsoft\WindowsApps;C:\Program Files (x86)\Graphviz2.38\bin;C:\Users\Flori\AppData\Local\hyper\app-2.0.0\resources\bin;C:\Users\Flori\AppData\Roaming\npm;C:\Users\Flori\AppData\Local\atom\bin;."/><property name="java.vendor" value="Oracle Corporation"/><property name="sun.io.unicode.encoding" value="UnicodeLittle"/><property name="sun.desktop" value="windows"/><property name="java.class.path" value="C:\Users\Flori\.IntelliJIdea2018.3\config\plugins\Scala\launcher\sbt-launch.jar"/><property name="java.vm.vendor" value="Oracle Corporation"/><property name="user.variant" value=""/><property name="jline.shutdownhook" value="false"/><property name="user.timezone" value="Europe/Paris"/><property name="os.name" value="Windows 10"/><property name="java.vm.specification.version" value="11"/><property name="sun.java.launcher" value="SUN_STANDARD"/><property name="user.country" value="US"/><property name="sun.cpu.endian" value="little"/><property name="user.home" value="C:\Users\Flori"/><property name="user.language" value="en"/><property name="sbt.version" value="1.2.1"/><property name="java.awt.graphicsenv" value="sun.awt.Win32GraphicsEnvironment"/><property name="jline.esc.timeout" value="0"/><property name="path.separator" value=";"/><property name="os.version" value="10.0"/><property name="jna.nosys" value="true"/><property name="java.runtime.name" value="Java(TM) SE Runtime Environment"/><property name="java.vm.name" value="Java HotSpot(TM) 64-Bit Server VM"/><property name="java.vendor.url.bug" value="http://bugreport.java.com/bugreport/"/><property name="user.dir" value="E:\Documents\Studies\CPL\CPL_project"/><property name="os.arch" value="amd64"/><property name="idea.managed" value="true"/><property name="java.vm.info" value="mixed mode"/><property name="java.vm.version" value="11.0.1+13-LTS"/><property name="java.class.version" value="55.0"/>
    </properties>
                     <testcase classname="viw.CommandsTest" name="Moving left and right moves the cursor (example for multiple commands)" time="0.006">
                                                 
                                               </testcase><testcase classname="viw.CommandsTest" name="Moving left moves the cursor" time="0.001">
                                                 
                                               </testcase><testcase classname="viw.CommandsTest" name="Moving left at start of the line" time="0.001">
                                                 
                                               </testcase><testcase classname="viw.CommandsTest" name="Moving up moves the cursor" time="0.001">
                                                 
                                               </testcase><testcase classname="viw.CommandsTest" name="Moving up on first line" time="0.001">
                                                 
                                               </testcase><testcase classname="viw.CommandsTest" name="Moving down moves the cursor" time="0.001">
                                                 
                                               </testcase><testcase classname="viw.CommandsTest" name="Moving down on last line" time="0.002">
                                                 
                                               </testcase><testcase classname="viw.CommandsTest" name="Moving right moves the cursor" time="0.001">
                                                 
                                               </testcase><testcase classname="viw.CommandsTest" name="Moving right at end of the line" time="0.001">
                                                 
                                               </testcase><testcase classname="viw.CommandsTest" name="Next word" time="0.001">
                                                 
                                               </testcase><testcase classname="viw.CommandsTest" name="Back word" time="0.001">
                                                 <failure message="&quot;[Lorem #i#]psum dolor sit amet,...&quot; did not equal &quot;[#L#orem i]psum dolor sit amet,...&quot;" type="org.scalajs.testcommon.Serializer$ThrowableSerializer$$anon$1">org.scalatest.exceptions.TestFailedException: &quot;[Lorem #i#]psum dolor sit amet,...&quot; did not equal &quot;[#L#orem i]psum dolor sit amet,...&quot;
	at &lt;jscode&gt;.$c_Lorg_scalatest_exceptions_TestFailedException.$c_jl_Throwable.fillInStackTrace__jl_Throwable(E:\Documents\Studies\CPL\CPL_project\target\scala-2.12\viw-test-fastopt.js:23397)
	at &lt;jscode&gt;.$c_Lorg_scalatest_exceptions_TestFailedException.$c_jl_Throwable.init___T__jl_Throwable__Z__Z(E:\Documents\Studies\CPL\CPL_project\target\scala-2.12\viw-test-fastopt.js:23515)
	at &lt;jscode&gt;.$c_Lorg_scalatest_exceptions_TestFailedException.$c_jl_RuntimeException.init___jl_Throwable(E:\Documents\Studies\CPL\CPL_project\target\scala-2.12\viw-test-fastopt.js:33034)
	at &lt;jscode&gt;.$c_Lorg_scalatest_exceptions_TestFailedException.$c_Lorg_scalatest_exceptions_StackDepthException.init___F1__s_Option__s_util_Either(E:\Documents\Studies\CPL\CPL_project\target\scala-2.12\viw-test-fastopt.js:41941)
	at org.scalatest.exceptions.TestFailedException.&lt;init&gt;(E:\Documents\Studies\CPL\CPL_project\target\scala-2.12\viw-test-fastopt.js:57634)
	at org.scalatest.exceptions.TestFailedException.&lt;init&gt;(E:\Documents\Studies\CPL\CPL_project\target\scala-2.12\viw-test-fastopt.js:57614)
	at org.scalatest.Assertions.newAssertionFailedException(E:\Documents\Studies\CPL\CPL_project\target\scala-2.12\viw-test-fastopt.js:20928)
	at org.scalatest.Assertions$AssertionsHelper.macroAssert(E:\Documents\Studies\CPL\CPL_project\target\scala-2.12\viw-test-fastopt.js:6081)
	at viw.ViwTest.viwTest(E:\Documents\Studies\CPL\CPL_project\target\scala-2.12\viw-test-fastopt.js:28441)
	at viw.ViwTest.viwMode(E:\Documents\Studies\CPL\CPL_project\target\scala-2.12\viw-test-fastopt.js:28454)
</failure>
                                               </testcase><testcase classname="viw.CommandsTest" name="End of word" time="0.001">
                                                 
                                               </testcase><testcase classname="viw.CommandsTest" name="End of line" time="0.001">
                                                 
                                               </testcase><testcase classname="viw.CommandsTest" name="Start of line" time="0.0">
                                                 
                                               </testcase><testcase classname="viw.CommandsTest" name="Match brackets" time="0.0">
                                                 <failure message="&quot;function(test) [#{# return 'hello'; }]&quot; did not equal &quot;function(test) [{ return 'hello'; #}#]&quot;" type="org.scalajs.testcommon.Serializer$ThrowableSerializer$$anon$1">org.scalatest.exceptions.TestFailedException: &quot;function(test) [#{# return 'hello'; }]&quot; did not equal &quot;function(test) [{ return 'hello'; #}#]&quot;
	at &lt;jscode&gt;.$c_Lorg_scalatest_exceptions_TestFailedException.$c_jl_Throwable.fillInStackTrace__jl_Throwable(E:\Documents\Studies\CPL\CPL_project\target\scala-2.12\viw-test-fastopt.js:23397)
	at &lt;jscode&gt;.$c_Lorg_scalatest_exceptions_TestFailedException.$c_jl_Throwable.init___T__jl_Throwable__Z__Z(E:\Documents\Studies\CPL\CPL_project\target\scala-2.12\viw-test-fastopt.js:23515)
	at &lt;jscode&gt;.$c_Lorg_scalatest_exceptions_TestFailedException.$c_jl_RuntimeException.init___jl_Throwable(E:\Documents\Studies\CPL\CPL_project\target\scala-2.12\viw-test-fastopt.js:33034)
	at &lt;jscode&gt;.$c_Lorg_scalatest_exceptions_TestFailedException.$c_Lorg_scalatest_exceptions_StackDepthException.init___F1__s_Option__s_util_Either(E:\Documents\Studies\CPL\CPL_project\target\scala-2.12\viw-test-fastopt.js:41941)
	at org.scalatest.exceptions.TestFailedException.&lt;init&gt;(E:\Documents\Studies\CPL\CPL_project\target\scala-2.12\viw-test-fastopt.js:57634)
	at org.scalatest.exceptions.TestFailedException.&lt;init&gt;(E:\Documents\Studies\CPL\CPL_project\target\scala-2.12\viw-test-fastopt.js:57614)
	at org.scalatest.Assertions.newAssertionFailedException(E:\Documents\Studies\CPL\CPL_project\target\scala-2.12\viw-test-fastopt.js:20928)
	at org.scalatest.Assertions$AssertionsHelper.macroAssert(E:\Documents\Studies\CPL\CPL_project\target\scala-2.12\viw-test-fastopt.js:6081)
	at viw.ViwTest.viwTest(E:\Documents\Studies\CPL\CPL_project\target\scala-2.12\viw-test-fastopt.js:28441)
	at viw.ViwTest.viwMode(E:\Documents\Studies\CPL\CPL_project\target\scala-2.12\viw-test-fastopt.js:28454)
</failure>
                                               </testcase><testcase classname="viw.CommandsTest" name="Delete" time="0.002">
                                                 <failure message="&quot;function(test) #[{# ]return 'hello'; }&quot; did not equal &quot;function(test) #[ #]return 'hello'; }&quot;" type="org.scalajs.testcommon.Serializer$ThrowableSerializer$$anon$1">org.scalatest.exceptions.TestFailedException: &quot;function(test) #[{# ]return 'hello'; }&quot; did not equal &quot;function(test) #[ #]return 'hello'; }&quot;
	at &lt;jscode&gt;.$c_Lorg_scalatest_exceptions_TestFailedException.$c_jl_Throwable.fillInStackTrace__jl_Throwable(E:\Documents\Studies\CPL\CPL_project\target\scala-2.12\viw-test-fastopt.js:23397)
	at &lt;jscode&gt;.$c_Lorg_scalatest_exceptions_TestFailedException.$c_jl_Throwable.init___T__jl_Throwable__Z__Z(E:\Documents\Studies\CPL\CPL_project\target\scala-2.12\viw-test-fastopt.js:23515)
	at &lt;jscode&gt;.$c_Lorg_scalatest_exceptions_TestFailedException.$c_jl_RuntimeException.init___jl_Throwable(E:\Documents\Studies\CPL\CPL_project\target\scala-2.12\viw-test-fastopt.js:33034)
	at &lt;jscode&gt;.$c_Lorg_scalatest_exceptions_TestFailedException.$c_Lorg_scalatest_exceptions_StackDepthException.init___F1__s_Option__s_util_Either(E:\Documents\Studies\CPL\CPL_project\target\scala-2.12\viw-test-fastopt.js:41941)
	at org.scalatest.exceptions.TestFailedException.&lt;init&gt;(E:\Documents\Studies\CPL\CPL_project\target\scala-2.12\viw-test-fastopt.js:57634)
	at org.scalatest.exceptions.TestFailedException.&lt;init&gt;(E:\Documents\Studies\CPL\CPL_project\target\scala-2.12\viw-test-fastopt.js:57614)
	at org.scalatest.Assertions.newAssertionFailedException(E:\Documents\Studies\CPL\CPL_project\target\scala-2.12\viw-test-fastopt.js:20928)
	at org.scalatest.Assertions$AssertionsHelper.macroAssert(E:\Documents\Studies\CPL\CPL_project\target\scala-2.12\viw-test-fastopt.js:6081)
	at viw.ViwTest.viwTest(E:\Documents\Studies\CPL\CPL_project\target\scala-2.12\viw-test-fastopt.js:28441)
	at viw.ViwTest.viwMode(E:\Documents\Studies\CPL\CPL_project\target\scala-2.12\viw-test-fastopt.js:28454)
</failure>
                                               </testcase><testcase classname="viw.CommandsTest" name="Delete backwards" time="0.003">
                                                 <failure message="&quot;function(test)[ #{]# return 'hello'; }&quot; did not equal &quot;function(test)[# ]# return 'hello'; }&quot;" type="org.scalajs.testcommon.Serializer$ThrowableSerializer$$anon$1">org.scalatest.exceptions.TestFailedException: &quot;function(test)[ #{]# return 'hello'; }&quot; did not equal &quot;function(test)[# ]# return 'hello'; }&quot;
	at &lt;jscode&gt;.$c_Lorg_scalatest_exceptions_TestFailedException.$c_jl_Throwable.fillInStackTrace__jl_Throwable(E:\Documents\Studies\CPL\CPL_project\target\scala-2.12\viw-test-fastopt.js:23397)
	at &lt;jscode&gt;.$c_Lorg_scalatest_exceptions_TestFailedException.$c_jl_Throwable.init___T__jl_Throwable__Z__Z(E:\Documents\Studies\CPL\CPL_project\target\scala-2.12\viw-test-fastopt.js:23515)
	at &lt;jscode&gt;.$c_Lorg_scalatest_exceptions_TestFailedException.$c_jl_RuntimeException.init___jl_Throwable(E:\Documents\Studies\CPL\CPL_project\target\scala-2.12\viw-test-fastopt.js:33034)
	at &lt;jscode&gt;.$c_Lorg_scalatest_exceptions_TestFailedException.$c_Lorg_scalatest_exceptions_StackDepthException.init___F1__s_Option__s_util_Either(E:\Documents\Studies\CPL\CPL_project\target\scala-2.12\viw-test-fastopt.js:41941)
	at org.scalatest.exceptions.TestFailedException.&lt;init&gt;(E:\Documents\Studies\CPL\CPL_project\target\scala-2.12\viw-test-fastopt.js:57634)
	at org.scalatest.exceptions.TestFailedException.&lt;init&gt;(E:\Documents\Studies\CPL\CPL_project\target\scala-2.12\viw-test-fastopt.js:57614)
	at org.scalatest.Assertions.newAssertionFailedException(E:\Documents\Studies\CPL\CPL_project\target\scala-2.12\viw-test-fastopt.js:20928)
	at org.scalatest.Assertions$AssertionsHelper.macroAssert(E:\Documents\Studies\CPL\CPL_project\target\scala-2.12\viw-test-fastopt.js:6081)
	at viw.ViwTest.viwTest(E:\Documents\Studies\CPL\CPL_project\target\scala-2.12\viw-test-fastopt.js:28441)
	at viw.ViwTest.viwMode(E:\Documents\Studies\CPL\CPL_project\target\scala-2.12\viw-test-fastopt.js:28454)
</failure>
                                               </testcase><testcase classname="viw.CommandsTest" name="Delete line" time="0.001">
                                                 <failure message="&quot;function(test)[ #{# return 'hello'; }]&quot; did not equal &quot;function(test)[# #]&quot;" type="org.scalajs.testcommon.Serializer$ThrowableSerializer$$anon$1">org.scalatest.exceptions.TestFailedException: &quot;function(test)[ #{# return 'hello'; }]&quot; did not equal &quot;function(test)[# #]&quot;
	at &lt;jscode&gt;.$c_Lorg_scalatest_exceptions_TestFailedException.$c_jl_Throwable.fillInStackTrace__jl_Throwable(E:\Documents\Studies\CPL\CPL_project\target\scala-2.12\viw-test-fastopt.js:23397)
	at &lt;jscode&gt;.$c_Lorg_scalatest_exceptions_TestFailedException.$c_jl_Throwable.init___T__jl_Throwable__Z__Z(E:\Documents\Studies\CPL\CPL_project\target\scala-2.12\viw-test-fastopt.js:23515)
	at &lt;jscode&gt;.$c_Lorg_scalatest_exceptions_TestFailedException.$c_jl_RuntimeException.init___jl_Throwable(E:\Documents\Studies\CPL\CPL_project\target\scala-2.12\viw-test-fastopt.js:33034)
	at &lt;jscode&gt;.$c_Lorg_scalatest_exceptions_TestFailedException.$c_Lorg_scalatest_exceptions_StackDepthException.init___F1__s_Option__s_util_Either(E:\Documents\Studies\CPL\CPL_project\target\scala-2.12\viw-test-fastopt.js:41941)
	at org.scalatest.exceptions.TestFailedException.&lt;init&gt;(E:\Documents\Studies\CPL\CPL_project\target\scala-2.12\viw-test-fastopt.js:57634)
	at org.scalatest.exceptions.TestFailedException.&lt;init&gt;(E:\Documents\Studies\CPL\CPL_project\target\scala-2.12\viw-test-fastopt.js:57614)
	at org.scalatest.Assertions.newAssertionFailedException(E:\Documents\Studies\CPL\CPL_project\target\scala-2.12\viw-test-fastopt.js:20928)
	at org.scalatest.Assertions$AssertionsHelper.macroAssert(E:\Documents\Studies\CPL\CPL_project\target\scala-2.12\viw-test-fastopt.js:6081)
	at viw.ViwTest.viwTest(E:\Documents\Studies\CPL\CPL_project\target\scala-2.12\viw-test-fastopt.js:28441)
	at viw.ViwTest.viwMode(E:\Documents\Studies\CPL\CPL_project\target\scala-2.12\viw-test-fastopt.js:28454)
</failure>
                                               </testcase><testcase classname="viw.CommandsTest" name="Join line" time="0.001">
                                                 <failure message="&quot;... ipsum dolor sit ame[#t#, consectetur adipiscing elit.
Cras ]quis massa eu ex com...&quot; did not equal &quot;... ipsum dolor sit ame[t, consectetur adipiscing elit.# #Cras]quis massa eu ex com...&quot;" type="org.scalajs.testcommon.Serializer$ThrowableSerializer$$anon$1">org.scalatest.exceptions.TestFailedException: &quot;... ipsum dolor sit ame[#t#, consectetur adipiscing elit.
Cras ]quis massa eu ex com...&quot; did not equal &quot;... ipsum dolor sit ame[t, consectetur adipiscing elit.# #Cras]quis massa eu ex com...&quot;
	at &lt;jscode&gt;.$c_Lorg_scalatest_exceptions_TestFailedException.$c_jl_Throwable.fillInStackTrace__jl_Throwable(E:\Documents\Studies\CPL\CPL_project\target\scala-2.12\viw-test-fastopt.js:23397)
	at &lt;jscode&gt;.$c_Lorg_scalatest_exceptions_TestFailedException.$c_jl_Throwable.init___T__jl_Throwable__Z__Z(E:\Documents\Studies\CPL\CPL_project\target\scala-2.12\viw-test-fastopt.js:23515)
	at &lt;jscode&gt;.$c_Lorg_scalatest_exceptions_TestFailedException.$c_jl_RuntimeException.init___jl_Throwable(E:\Documents\Studies\CPL\CPL_project\target\scala-2.12\viw-test-fastopt.js:33034)
	at &lt;jscode&gt;.$c_Lorg_scalatest_exceptions_TestFailedException.$c_Lorg_scalatest_exceptions_StackDepthException.init___F1__s_Option__s_util_Either(E:\Documents\Studies\CPL\CPL_project\target\scala-2.12\viw-test-fastopt.js:41941)
	at org.scalatest.exceptions.TestFailedException.&lt;init&gt;(E:\Documents\Studies\CPL\CPL_project\target\scala-2.12\viw-test-fastopt.js:57634)
	at org.scalatest.exceptions.TestFailedException.&lt;init&gt;(E:\Documents\Studies\CPL\CPL_project\target\scala-2.12\viw-test-fastopt.js:57614)
	at org.scalatest.Assertions.newAssertionFailedException(E:\Documents\Studies\CPL\CPL_project\target\scala-2.12\viw-test-fastopt.js:20928)
	at org.scalatest.Assertions$AssertionsHelper.macroAssert(E:\Documents\Studies\CPL\CPL_project\target\scala-2.12\viw-test-fastopt.js:6081)
	at viw.ViwTest.viwTest(E:\Documents\Studies\CPL\CPL_project\target\scala-2.12\viw-test-fastopt.js:28441)
	at viw.ViwTest.viwMode(E:\Documents\Studies\CPL\CPL_project\target\scala-2.12\viw-test-fastopt.js:28454)
</failure>
                                               </testcase><testcase classname="viw.CommandsTest" name="Insert into normal mode" time="0.0">
                                                 
                                               </testcase><testcase classname="viw.CommandsTest" name="Insert after character" time="0.0">
                                                 
                                               </testcase><testcase classname="viw.CommandsTest" name="Open newline" time="0.0">
                                                 
                                               </testcase><testcase classname="viw.CommandsTest" name="Substitute" time="0.001">
                                                 
                                               </testcase><testcase classname="viw.CommandsTest" name="Go" time="0.001">
                                                 
                                               </testcase><testcase classname="viw.CommandsTest" name="Insert in line" time="0.001">
                                                 
                                               </testcase><testcase classname="viw.CommandsTest" name="Insert after line" time="0.001">
                                                 
                                               </testcase><testcase classname="viw.CommandsTest" name="Change to the end of the line" time="0.0">
                                                 
                                               </testcase>
                     <system-out><![CDATA[]]></system-out>
                     <system-err><![CDATA[]]></system-err>
                   </testsuite>