<?xml version='1.0' encoding='UTF-8'?>
<testsuite hostname="Neurosis" name="viw.CommandsTest" tests="27" errors="0" failures="6" skipped="0" time="0.03" timestamp="2018-12-08T18:29:01">
                     <properties>
[...]
</properties>
                     <testcase classname="viw.CommandsTest" name="Moving left and right moves the cursor (example for multiple commands)" time="0.006">
                                                 
                                               </testcase><testcase classname="viw.CommandsTest" name="Moving left moves the cursor" time="0.001">
                                                 
                                               </testcase><testcase classname="viw.CommandsTest" name="Moving left at start of the line" time="0.001">
                                                 
                                               </testcase><testcase classname="viw.CommandsTest" name="Moving up moves the cursor" time="0.001">
                                                 
                                               </testcase><testcase classname="viw.CommandsTest" name="Moving up on first line" time="0.001">
                                                 
                                               </testcase><testcase classname="viw.CommandsTest" name="Moving down moves the cursor" time="0.001">
                                                 
                                               </testcase><testcase classname="viw.CommandsTest" name="Moving down on last line" time="0.002">
                                                 
                                               </testcase><testcase classname="viw.CommandsTest" name="Moving right moves the cursor" time="0.001">
                                                 
                                               </testcase><testcase classname="viw.CommandsTest" name="Moving right at end of the line" time="0.001">
                                                 
                                               </testcase><testcase classname="viw.CommandsTest" name="Next word" time="0.001">
                                                 
                                               </testcase><testcase classname="viw.CommandsTest" name="Back word" time="0.001">
                                                 <failure message="&quot;[Lorem #i#]psum dolor sit amet,...&quot; did not equal &quot;[#L#orem i]psum dolor sit amet,...&quot;" type="org.scalajs.testcommon.Serializer$ThrowableSerializer$$anon$1">org.scalatest.exceptions.TestFailedException: &quot;[Lorem #i#]psum dolor sit amet,...&quot; did not equal &quot;[#L#orem i]psum dolor sit amet,...&quot;
	at &lt;jscode&gt;.$c_Lorg_scalatest_exceptions_TestFailedException.$c_jl_Throwable.fillInStackTrace__jl_Throwable(E:\Documents\Studies\CPL\CPL_project\target\scala-2.12\viw-test-fastopt.js:23397)
	at &lt;jscode&gt;.$c_Lorg_scalatest_exceptions_TestFailedException.$c_jl_Throwable.init___T__jl_Throwable__Z__Z(E:\Documents\Studies\CPL\CPL_project\target\scala-2.12\viw-test-fastopt.js:23515)
	at &lt;jscode&gt;.$c_Lorg_scalatest_exceptions_TestFailedException.$c_jl_RuntimeException.init___jl_Throwable(E:\Documents\Studies\CPL\CPL_project\target\scala-2.12\viw-test-fastopt.js:33034)
	at &lt;jscode&gt;.$c_Lorg_scalatest_exceptions_TestFailedException.$c_Lorg_scalatest_exceptions_StackDepthException.init___F1__s_Option__s_util_Either(E:\Documents\Studies\CPL\CPL_project\target\scala-2.12\viw-test-fastopt.js:41941)
	at org.scalatest.exceptions.TestFailedException.&lt;init&gt;(E:\Documents\Studies\CPL\CPL_project\target\scala-2.12\viw-test-fastopt.js:57634)
	at org.scalatest.exceptions.TestFailedException.&lt;init&gt;(E:\Documents\Studies\CPL\CPL_project\target\scala-2.12\viw-test-fastopt.js:57614)
	at org.scalatest.Assertions.newAssertionFailedException(E:\Documents\Studies\CPL\CPL_project\target\scala-2.12\viw-test-fastopt.js:20928)
	at org.scalatest.Assertions$AssertionsHelper.macroAssert(E:\Documents\Studies\CPL\CPL_project\target\scala-2.12\viw-test-fastopt.js:6081)
	at viw.ViwTest.viwTest(E:\Documents\Studies\CPL\CPL_project\target\scala-2.12\viw-test-fastopt.js:28441)
	at viw.ViwTest.viwMode(E:\Documents\Studies\CPL\CPL_project\target\scala-2.12\viw-test-fastopt.js:28454)
</failure>
                                               </testcase><testcase classname="viw.CommandsTest" name="End of word" time="0.001">
                                                 
                                               </testcase><testcase classname="viw.CommandsTest" name="End of line" time="0.001">
                                                 
                                               </testcase><testcase classname="viw.CommandsTest" name="Start of line" time="0.0">
                                                 
                                               </testcase><testcase classname="viw.CommandsTest" name="Match brackets" time="0.0">
                                                 <failure message="&quot;function(test) [#{# return 'hello'; }]&quot; did not equal &quot;function(test) [{ return 'hello'; #}#]&quot;" type="org.scalajs.testcommon.Serializer$ThrowableSerializer$$anon$1">org.scalatest.exceptions.TestFailedException: &quot;function(test) [#{# return 'hello'; }]&quot; did not equal &quot;function(test) [{ return 'hello'; #}#]&quot;
	at &lt;jscode&gt;.$c_Lorg_scalatest_exceptions_TestFailedException.$c_jl_Throwable.fillInStackTrace__jl_Throwable(E:\Documents\Studies\CPL\CPL_project\target\scala-2.12\viw-test-fastopt.js:23397)
	at &lt;jscode&gt;.$c_Lorg_scalatest_exceptions_TestFailedException.$c_jl_Throwable.init___T__jl_Throwable__Z__Z(E:\Documents\Studies\CPL\CPL_project\target\scala-2.12\viw-test-fastopt.js:23515)
	at &lt;jscode&gt;.$c_Lorg_scalatest_exceptions_TestFailedException.$c_jl_RuntimeException.init___jl_Throwable(E:\Documents\Studies\CPL\CPL_project\target\scala-2.12\viw-test-fastopt.js:33034)
	at &lt;jscode&gt;.$c_Lorg_scalatest_exceptions_TestFailedException.$c_Lorg_scalatest_exceptions_StackDepthException.init___F1__s_Option__s_util_Either(E:\Documents\Studies\CPL\CPL_project\target\scala-2.12\viw-test-fastopt.js:41941)
	at org.scalatest.exceptions.TestFailedException.&lt;init&gt;(E:\Documents\Studies\CPL\CPL_project\target\scala-2.12\viw-test-fastopt.js:57634)
	at org.scalatest.exceptions.TestFailedException.&lt;init&gt;(E:\Documents\Studies\CPL\CPL_project\target\scala-2.12\viw-test-fastopt.js:57614)
	at org.scalatest.Assertions.newAssertionFailedException(E:\Documents\Studies\CPL\CPL_project\target\scala-2.12\viw-test-fastopt.js:20928)
	at org.scalatest.Assertions$AssertionsHelper.macroAssert(E:\Documents\Studies\CPL\CPL_project\target\scala-2.12\viw-test-fastopt.js:6081)
	at viw.ViwTest.viwTest(E:\Documents\Studies\CPL\CPL_project\target\scala-2.12\viw-test-fastopt.js:28441)
	at viw.ViwTest.viwMode(E:\Documents\Studies\CPL\CPL_project\target\scala-2.12\viw-test-fastopt.js:28454)
</failure>
                                               </testcase><testcase classname="viw.CommandsTest" name="Delete" time="0.002">
                                                 <failure message="&quot;function(test) #[{# ]return 'hello'; }&quot; did not equal &quot;function(test) #[ #]return 'hello'; }&quot;" type="org.scalajs.testcommon.Serializer$ThrowableSerializer$$anon$1">org.scalatest.exceptions.TestFailedException: &quot;function(test) #[{# ]return 'hello'; }&quot; did not equal &quot;function(test) #[ #]return 'hello'; }&quot;
	at &lt;jscode&gt;.$c_Lorg_scalatest_exceptions_TestFailedException.$c_jl_Throwable.fillInStackTrace__jl_Throwable(E:\Documents\Studies\CPL\CPL_project\target\scala-2.12\viw-test-fastopt.js:23397)
	at &lt;jscode&gt;.$c_Lorg_scalatest_exceptions_TestFailedException.$c_jl_Throwable.init___T__jl_Throwable__Z__Z(E:\Documents\Studies\CPL\CPL_project\target\scala-2.12\viw-test-fastopt.js:23515)
	at &lt;jscode&gt;.$c_Lorg_scalatest_exceptions_TestFailedException.$c_jl_RuntimeException.init___jl_Throwable(E:\Documents\Studies\CPL\CPL_project\target\scala-2.12\viw-test-fastopt.js:33034)
	at &lt;jscode&gt;.$c_Lorg_scalatest_exceptions_TestFailedException.$c_Lorg_scalatest_exceptions_StackDepthException.init___F1__s_Option__s_util_Either(E:\Documents\Studies\CPL\CPL_project\target\scala-2.12\viw-test-fastopt.js:41941)
	at org.scalatest.exceptions.TestFailedException.&lt;init&gt;(E:\Documents\Studies\CPL\CPL_project\target\scala-2.12\viw-test-fastopt.js:57634)
	at org.scalatest.exceptions.TestFailedException.&lt;init&gt;(E:\Documents\Studies\CPL\CPL_project\target\scala-2.12\viw-test-fastopt.js:57614)
	at org.scalatest.Assertions.newAssertionFailedException(E:\Documents\Studies\CPL\CPL_project\target\scala-2.12\viw-test-fastopt.js:20928)
	at org.scalatest.Assertions$AssertionsHelper.macroAssert(E:\Documents\Studies\CPL\CPL_project\target\scala-2.12\viw-test-fastopt.js:6081)
	at viw.ViwTest.viwTest(E:\Documents\Studies\CPL\CPL_project\target\scala-2.12\viw-test-fastopt.js:28441)
	at viw.ViwTest.viwMode(E:\Documents\Studies\CPL\CPL_project\target\scala-2.12\viw-test-fastopt.js:28454)
</failure>
                                               </testcase><testcase classname="viw.CommandsTest" name="Delete backwards" time="0.003">
                                                 <failure message="&quot;function(test)[ #{]# return 'hello'; }&quot; did not equal &quot;function(test)[# ]# return 'hello'; }&quot;" type="org.scalajs.testcommon.Serializer$ThrowableSerializer$$anon$1">org.scalatest.exceptions.TestFailedException: &quot;function(test)[ #{]# return 'hello'; }&quot; did not equal &quot;function(test)[# ]# return 'hello'; }&quot;
	at &lt;jscode&gt;.$c_Lorg_scalatest_exceptions_TestFailedException.$c_jl_Throwable.fillInStackTrace__jl_Throwable(E:\Documents\Studies\CPL\CPL_project\target\scala-2.12\viw-test-fastopt.js:23397)
	at &lt;jscode&gt;.$c_Lorg_scalatest_exceptions_TestFailedException.$c_jl_Throwable.init___T__jl_Throwable__Z__Z(E:\Documents\Studies\CPL\CPL_project\target\scala-2.12\viw-test-fastopt.js:23515)
	at &lt;jscode&gt;.$c_Lorg_scalatest_exceptions_TestFailedException.$c_jl_RuntimeException.init___jl_Throwable(E:\Documents\Studies\CPL\CPL_project\target\scala-2.12\viw-test-fastopt.js:33034)
	at &lt;jscode&gt;.$c_Lorg_scalatest_exceptions_TestFailedException.$c_Lorg_scalatest_exceptions_StackDepthException.init___F1__s_Option__s_util_Either(E:\Documents\Studies\CPL\CPL_project\target\scala-2.12\viw-test-fastopt.js:41941)
	at org.scalatest.exceptions.TestFailedException.&lt;init&gt;(E:\Documents\Studies\CPL\CPL_project\target\scala-2.12\viw-test-fastopt.js:57634)
	at org.scalatest.exceptions.TestFailedException.&lt;init&gt;(E:\Documents\Studies\CPL\CPL_project\target\scala-2.12\viw-test-fastopt.js:57614)
	at org.scalatest.Assertions.newAssertionFailedException(E:\Documents\Studies\CPL\CPL_project\target\scala-2.12\viw-test-fastopt.js:20928)
	at org.scalatest.Assertions$AssertionsHelper.macroAssert(E:\Documents\Studies\CPL\CPL_project\target\scala-2.12\viw-test-fastopt.js:6081)
	at viw.ViwTest.viwTest(E:\Documents\Studies\CPL\CPL_project\target\scala-2.12\viw-test-fastopt.js:28441)
	at viw.ViwTest.viwMode(E:\Documents\Studies\CPL\CPL_project\target\scala-2.12\viw-test-fastopt.js:28454)
</failure>
                                               </testcase><testcase classname="viw.CommandsTest" name="Delete line" time="0.001">
                                                 <failure message="&quot;function(test)[ #{# return 'hello'; }]&quot; did not equal &quot;function(test)[# #]&quot;" type="org.scalajs.testcommon.Serializer$ThrowableSerializer$$anon$1">org.scalatest.exceptions.TestFailedException: &quot;function(test)[ #{# return 'hello'; }]&quot; did not equal &quot;function(test)[# #]&quot;
	at &lt;jscode&gt;.$c_Lorg_scalatest_exceptions_TestFailedException.$c_jl_Throwable.fillInStackTrace__jl_Throwable(E:\Documents\Studies\CPL\CPL_project\target\scala-2.12\viw-test-fastopt.js:23397)
	at &lt;jscode&gt;.$c_Lorg_scalatest_exceptions_TestFailedException.$c_jl_Throwable.init___T__jl_Throwable__Z__Z(E:\Documents\Studies\CPL\CPL_project\target\scala-2.12\viw-test-fastopt.js:23515)
	at &lt;jscode&gt;.$c_Lorg_scalatest_exceptions_TestFailedException.$c_jl_RuntimeException.init___jl_Throwable(E:\Documents\Studies\CPL\CPL_project\target\scala-2.12\viw-test-fastopt.js:33034)
	at &lt;jscode&gt;.$c_Lorg_scalatest_exceptions_TestFailedException.$c_Lorg_scalatest_exceptions_StackDepthException.init___F1__s_Option__s_util_Either(E:\Documents\Studies\CPL\CPL_project\target\scala-2.12\viw-test-fastopt.js:41941)
	at org.scalatest.exceptions.TestFailedException.&lt;init&gt;(E:\Documents\Studies\CPL\CPL_project\target\scala-2.12\viw-test-fastopt.js:57634)
	at org.scalatest.exceptions.TestFailedException.&lt;init&gt;(E:\Documents\Studies\CPL\CPL_project\target\scala-2.12\viw-test-fastopt.js:57614)
	at org.scalatest.Assertions.newAssertionFailedException(E:\Documents\Studies\CPL\CPL_project\target\scala-2.12\viw-test-fastopt.js:20928)
	at org.scalatest.Assertions$AssertionsHelper.macroAssert(E:\Documents\Studies\CPL\CPL_project\target\scala-2.12\viw-test-fastopt.js:6081)
	at viw.ViwTest.viwTest(E:\Documents\Studies\CPL\CPL_project\target\scala-2.12\viw-test-fastopt.js:28441)
	at viw.ViwTest.viwMode(E:\Documents\Studies\CPL\CPL_project\target\scala-2.12\viw-test-fastopt.js:28454)
</failure>
                                               </testcase><testcase classname="viw.CommandsTest" name="Join line" time="0.001">
                                                 <failure message="&quot;... ipsum dolor sit ame[#t#, consectetur adipiscing elit.
Cras ]quis massa eu ex com...&quot; did not equal &quot;... ipsum dolor sit ame[t, consectetur adipiscing elit.# #Cras]quis massa eu ex com...&quot;" type="org.scalajs.testcommon.Serializer$ThrowableSerializer$$anon$1">org.scalatest.exceptions.TestFailedException: &quot;... ipsum dolor sit ame[#t#, consectetur adipiscing elit.
Cras ]quis massa eu ex com...&quot; did not equal &quot;... ipsum dolor sit ame[t, consectetur adipiscing elit.# #Cras]quis massa eu ex com...&quot;
	at &lt;jscode&gt;.$c_Lorg_scalatest_exceptions_TestFailedException.$c_jl_Throwable.fillInStackTrace__jl_Throwable(E:\Documents\Studies\CPL\CPL_project\target\scala-2.12\viw-test-fastopt.js:23397)
	at &lt;jscode&gt;.$c_Lorg_scalatest_exceptions_TestFailedException.$c_jl_Throwable.init___T__jl_Throwable__Z__Z(E:\Documents\Studies\CPL\CPL_project\target\scala-2.12\viw-test-fastopt.js:23515)
	at &lt;jscode&gt;.$c_Lorg_scalatest_exceptions_TestFailedException.$c_jl_RuntimeException.init___jl_Throwable(E:\Documents\Studies\CPL\CPL_project\target\scala-2.12\viw-test-fastopt.js:33034)
	at &lt;jscode&gt;.$c_Lorg_scalatest_exceptions_TestFailedException.$c_Lorg_scalatest_exceptions_StackDepthException.init___F1__s_Option__s_util_Either(E:\Documents\Studies\CPL\CPL_project\target\scala-2.12\viw-test-fastopt.js:41941)
	at org.scalatest.exceptions.TestFailedException.&lt;init&gt;(E:\Documents\Studies\CPL\CPL_project\target\scala-2.12\viw-test-fastopt.js:57634)
	at org.scalatest.exceptions.TestFailedException.&lt;init&gt;(E:\Documents\Studies\CPL\CPL_project\target\scala-2.12\viw-test-fastopt.js:57614)
	at org.scalatest.Assertions.newAssertionFailedException(E:\Documents\Studies\CPL\CPL_project\target\scala-2.12\viw-test-fastopt.js:20928)
	at org.scalatest.Assertions$AssertionsHelper.macroAssert(E:\Documents\Studies\CPL\CPL_project\target\scala-2.12\viw-test-fastopt.js:6081)
	at viw.ViwTest.viwTest(E:\Documents\Studies\CPL\CPL_project\target\scala-2.12\viw-test-fastopt.js:28441)
	at viw.ViwTest.viwMode(E:\Documents\Studies\CPL\CPL_project\target\scala-2.12\viw-test-fastopt.js:28454)
</failure>
                                               </testcase><testcase classname="viw.CommandsTest" name="Insert into normal mode" time="0.0">
                                                 
                                               </testcase><testcase classname="viw.CommandsTest" name="Insert after character" time="0.0">
                                                 
                                               </testcase><testcase classname="viw.CommandsTest" name="Open newline" time="0.0">
                                                 
                                               </testcase><testcase classname="viw.CommandsTest" name="Substitute" time="0.001">
                                                 
                                               </testcase><testcase classname="viw.CommandsTest" name="Go" time="0.001">
                                                 
                                               </testcase><testcase classname="viw.CommandsTest" name="Insert in line" time="0.001">
                                                 
                                               </testcase><testcase classname="viw.CommandsTest" name="Insert after line" time="0.001">
                                                 
                                               </testcase><testcase classname="viw.CommandsTest" name="Change to the end of the line" time="0.0">
                                                 
                                               </testcase>
                     <system-out><![CDATA[]]></system-out>
                     <system-err><![CDATA[]]></system-err>
                   </testsuite>