<?xml version='1.0' encoding='UTF-8'?>
<testsuite hostname="Neurosis" name="viw.CommandsTest" tests="82" errors="0" failures="0" skipped="0" time="0.073" timestamp="2018-12-12T23:31:18">
                     <properties>
[...]
</properties>
                     <testcase classname="viw.CommandsTest" name="Moving left and right moves the cursor (example for multiple commands)" time="0.006">
                                                 
                                               </testcase><testcase classname="viw.CommandsTest" name="Moving left moves the cursor" time="0.001">
                                                 
                                               </testcase><testcase classname="viw.CommandsTest" name="Moving left at start of the line" time="0.001">
                                                 
                                               </testcase><testcase classname="viw.CommandsTest" name="Moving up moves the cursor" time="0.002">
                                                 
                                               </testcase><testcase classname="viw.CommandsTest" name="Moving up on first line" time="0.001">
                                                 
                                               </testcase><testcase classname="viw.CommandsTest" name="Moving down moves the cursor" time="0.001">
                                                 
                                               </testcase><testcase classname="viw.CommandsTest" name="Moving down on last line" time="0.0">
                                                 
                                               </testcase><testcase classname="viw.CommandsTest" name="Moving right moves the cursor" time="0.001">
                                                 
                                               </testcase><testcase classname="viw.CommandsTest" name="Moving right at end of the line" time="0.001">
                                                 
                                               </testcase><testcase classname="viw.CommandsTest" name="Next word" time="0.001">
                                                 
                                               </testcase><testcase classname="viw.CommandsTest" name="Next word middle word" time="0.0">
                                                 
                                               </testcase><testcase classname="viw.CommandsTest" name="Next word on next line" time="0.001">
                                                 
                                               </testcase><testcase classname="viw.CommandsTest" name="Next work on next line indented" time="0.001">
                                                 
                                               </testcase><testcase classname="viw.CommandsTest" name="Next word last word" time="0.001">
                                                 
                                               </testcase><testcase classname="viw.CommandsTest" name="Back word" time="0.001">
                                                 
                                               </testcase><testcase classname="viw.CommandsTest" name="Back word in middle of word" time="0.001">
                                                 
                                               </testcase><testcase classname="viw.CommandsTest" name="Back word in spaces" time="0.001">
                                                 
                                               </testcase><testcase classname="viw.CommandsTest" name="Back word on previous line" time="0.001">
                                                 
                                               </testcase><testcase classname="viw.CommandsTest" name="Back word indented" time="0.001">
                                                 
                                               </testcase><testcase classname="viw.CommandsTest" name="Back word first word" time="0.001">
                                                 
                                               </testcase><testcase classname="viw.CommandsTest" name="End of word" time="0.001">
                                                 
                                               </testcase><testcase classname="viw.CommandsTest" name="End of word on the end of a word" time="0.001">
                                                 
                                               </testcase><testcase classname="viw.CommandsTest" name="End of word on last word of line" time="0.001">
                                                 
                                               </testcase><testcase classname="viw.CommandsTest" name="End of word on last word last line" time="0.001">
                                                 
                                               </testcase><testcase classname="viw.CommandsTest" name="End of line" time="0.001">
                                                 
                                               </testcase><testcase classname="viw.CommandsTest" name="End of line at line end" time="0.001">
                                                 
                                               </testcase><testcase classname="viw.CommandsTest" name="Start of line" time="0.001">
                                                 
                                               </testcase><testcase classname="viw.CommandsTest" name="Start of line at line start" time="0.001">
                                                 
                                               </testcase><testcase classname="viw.CommandsTest" name="Match brackets" time="0.001">
                                                 
                                               </testcase><testcase classname="viw.CommandsTest" name="Match brackets nested brackets" time="0.001">
                                                 
                                               </testcase><testcase classname="viw.CommandsTest" name="Match brackets over multiple lines" time="0.002">
                                                 
                                               </testcase><testcase classname="viw.CommandsTest" name="Delete" time="0.001">
                                                 
                                               </testcase><testcase classname="viw.CommandsTest" name="Delete last character on line" time="0.001">
                                                 
                                               </testcase><testcase classname="viw.CommandsTest" name="Delete backwards" time="0.001">
                                                 
                                               </testcase><testcase classname="viw.CommandsTest" name="Delete backwards start of line" time="0.001">
                                                 
                                               </testcase><testcase classname="viw.CommandsTest" name="Delete line" time="0.001">
                                                 
                                               </testcase><testcase classname="viw.CommandsTest" name="Delete full line" time="0.0">
                                                 
                                               </testcase><testcase classname="viw.CommandsTest" name="Delete empty line" time="0.0">
                                                 
                                               </testcase><testcase classname="viw.CommandsTest" name="Delete line from end of line" time="0.001">
                                                 
                                               </testcase><testcase classname="viw.CommandsTest" name="Join line" time="0.002">
                                                 
                                               </testcase><testcase classname="viw.CommandsTest" name="Join line last line" time="0.0">
                                                 
                                               </testcase><testcase classname="viw.CommandsTest" name="Insert into normal mode" time="0.0">
                                                 
                                               </testcase><testcase classname="viw.CommandsTest" name="Insert after character" time="0.0">
                                                 
                                               </testcase><testcase classname="viw.CommandsTest" name="Insert after character at last character of the line" time="0.001">
                                                 
                                               </testcase><testcase classname="viw.CommandsTest" name="Open newline" time="0.001">
                                                 
                                               </testcase><testcase classname="viw.CommandsTest" name="Open newline multiple lines" time="0.001">
                                                 
                                               </testcase><testcase classname="viw.CommandsTest" name="Open newline multiple times" time="0.001">
                                                 
                                               </testcase><testcase classname="viw.CommandsTest" name="Substitute" time="0.001">
                                                 
                                               </testcase><testcase classname="viw.CommandsTest" name="Substitute empty" time="0.001">
                                                 
                                               </testcase><testcase classname="viw.CommandsTest" name="Substitute last char of line" time="0.001">
                                                 
                                               </testcase><testcase classname="viw.CommandsTest" name="Go" time="0.0">
                                                 
                                               </testcase><testcase classname="viw.CommandsTest" name="Go single line" time="0.0">
                                                 
                                               </testcase><testcase classname="viw.CommandsTest" name="Insert in line" time="0.0">
                                                 
                                               </testcase><testcase classname="viw.CommandsTest" name="Insert in line empty line" time="0.001">
                                                 
                                               </testcase><testcase classname="viw.CommandsTest" name="Insert after line" time="0.001">
                                                 
                                               </testcase><testcase classname="viw.CommandsTest" name="Change to the end of the line" time="0.0">
                                                 
                                               </testcase><testcase classname="viw.CommandsTest" name="Change to the end of the line at end of line" time="0.0">
                                                 
                                               </testcase><testcase classname="viw.CommandsTest" name="Repeat delete" time="0.001">
                                                 
                                               </testcase><testcase classname="viw.CommandsTest" name="Multiple repeats" time="0.003">
                                                 
                                               </testcase><testcase classname="viw.CommandsTest" name="Repeat join line" time="0.001">
                                                 
                                               </testcase><testcase classname="viw.CommandsTest" name="Delete and paste" time="0.001">
                                                 
                                               </testcase><testcase classname="viw.CommandsTest" name="Delete and paste behind" time="0.001">
                                                 
                                               </testcase><testcase classname="viw.CommandsTest" name="Delete movement right" time="0.002">
                                                 
                                               </testcase><testcase classname="viw.CommandsTest" name="Delete movement left" time="0.001">
                                                 
                                               </testcase><testcase classname="viw.CommandsTest" name="Delete movement down" time="0.001">
                                                 
                                               </testcase><testcase classname="viw.CommandsTest" name="Delete movement up" time="0.001">
                                                 
                                               </testcase><testcase classname="viw.CommandsTest" name="Delete movement next word" time="0.0">
                                                 
                                               </testcase><testcase classname="viw.CommandsTest" name="Delete movement end word" time="0.0">
                                                 
                                               </testcase><testcase classname="viw.CommandsTest" name="Delete movement end word new word" time="0.0">
                                                 
                                               </testcase><testcase classname="viw.CommandsTest" name="Delete back word same word" time="0.001">
                                                 
                                               </testcase><testcase classname="viw.CommandsTest" name="Delete back word new word" time="0.001">
                                                 
                                               </testcase><testcase classname="viw.CommandsTest" name="Delete to end of line" time="0.001">
                                                 
                                               </testcase><testcase classname="viw.CommandsTest" name="Delete to start of line" time="0.0">
                                                 
                                               </testcase><testcase classname="viw.CommandsTest" name="Delete match bracket to first bracket on line" time="0.0">
                                                 
                                               </testcase><testcase classname="viw.CommandsTest" name="Delete match bracket on other line" time="0.001">
                                                 
                                               </testcase><testcase classname="viw.CommandsTest" name="Delete movement delete movement deletes line" time="0.001">
                                                 
                                               </testcase><testcase classname="viw.CommandsTest" name="Change command delete right" time="0.0">
                                                 
                                               </testcase><testcase classname="viw.CommandsTest" name="Change command change command deletes line" time="0.0">
                                                 
                                               </testcase><testcase classname="viw.CommandsTest" name="Yank right and paste" time="0.0">
                                                 
                                               </testcase><testcase classname="viw.CommandsTest" name="Yank left and paste" time="0.001">
                                                 
                                               </testcase><testcase classname="viw.CommandsTest" name="Yank down and paste" time="0.001">
                                                 
                                               </testcase><testcase classname="viw.CommandsTest" name="Yank up and paste" time="0.001">
                                                 
                                               </testcase>
                     <system-out><![CDATA[]]></system-out>
                     <system-err><![CDATA[]]></system-err>
                   </testsuite>